<?xml version="1.0" encoding="UTF-8"?>
<testsuite xmlns:xsi="http://www.w3.org/2001/XMLSchema-instance" xsi:noNamespaceSchemaLocation="https://maven.apache.org/surefire/maven-surefire-plugin/xsd/surefire-test-report.xsd" version="3.0.2" name="com.paylite.PayliteApplicationTests" time="3.158" tests="1" errors="0" skipped="0" failures="0">
  <properties>
[...]
</properties>
  <testcase name="contextLoads" classname="com.paylite.PayliteApplicationTests" time="0.747">
    <system-out><![CDATA[13:47:48.358 [main] INFO org.springframework.test.context.support.AnnotationConfigContextLoaderUtils -- Could not detect default configuration classes for test class [com.paylite.PayliteApplicationTests]: PayliteApplicationTests does not declare any static, non-private, non-final, nested classes annotated with @Configuration.
13:47:48.515 [main] INFO org.springframework.boot.test.context.SpringBootTestContextBootstrapper -- Found @SpringBootConfiguration com.paylite.PayliteApplication for test class com.paylite.PayliteApplicationTests

  .   ____          _            __ _ _
 /\\ / ___'_ __ _ _(_)_ __  __ _ \ \ \ \
( ( )\___ | '_ | '_| | '_ \/ _` | \ \ \ \
 \\/  ___)| |_)| | | | | || (_| |  ) ) ) )
  '  |____| .__|_| |_|_| |_\__, | / / / /
 =========|_|==============|___/=/_/_/_/

 :: Spring Boot ::                (v4.0.1)

2026-01-14T13:47:48.925+05:30  INFO 12064 --- [paylite] [           main] com.paylite.PayliteApplicationTests      : Starting PayliteApplicationTests using Java 21.0.9 with PID 12064 (started by hp in D:\workspace-mybank\paylite)
2026-01-14T13:47:48.927+05:30  INFO 12064 --- [paylite] [           main] com.paylite.PayliteApplicationTests      : No active profile set, falling back to 1 default profile: "default"
2026-01-14T13:47:50.509+05:30  INFO 12064 --- [paylite] [           main] com.paylite.PayliteApplicationTests      : Started PayliteApplicationTests in 1.847 seconds (process running for 3.063)
]]></system-out>
    <system-err><![CDATA[Mockito is currently self-attaching to enable the inline-mock-maker. This will no longer work in future releases of the JDK. Please add Mockito as an agent to your build as described in Mockito's documentation: https://javadoc.io/doc/org.mockito/mockito-core/latest/org.mockito/org/mockito/Mockito.html#0.3
WARNING: A Java agent has been loaded dynamically (C:\Users\hp\.m2\repository\net\bytebuddy\byte-buddy-agent\1.17.8\byte-buddy-agent-1.17.8.jar)
WARNING: If a serviceability tool is in use, please run with -XX:+EnableDynamicAgentLoading to hide this warning
WARNING: If a serviceability tool is not in use, please run with -Djdk.instrument.traceUsage for more information
WARNING: Dynamic loading of agents will be disallowed by default in a future release
]]></system-err>
  </testcase>
</testsuite>